<?xml version="1.0" encoding="UTF-8"?>
<!-- Generated by org.testng.reporters.JUnitReportReporter -->
<testsuite hostname="Soumya" failures="0" tests="1" name="project.Outstationcab" time="33.175" errors="0" timestamp="2023-05-16T00:16:48 IST" skipped="0">
  <testcase classname="project.Outstationcab" name="lowCabFare" time="33.175"/>
  <system-out/>
</testsuite> <!-- project.Outstationcab -->
