<?xml version="1.0" encoding="UTF-8"?>
<!-- Generated by org.testng.reporters.JUnitReportReporter -->
<testsuite hostname="AritraLappyXD" failures="0" tests="28" name="tests.LowCabFareTests" time="71.999" errors="0" timestamp="2023-07-10T11:56:52 IST" skipped="0">
  <testcase classname="tests.LowCabFareTests" name="testVisitMakeMyTrip" time="11.746"/>
  <testcase classname="tests.LowCabFareTests" name="testVisitMakeMyTrip" time="12.931"/>
  <testcase classname="tests.LowCabFareTests" name="testHandleModal" time="2.181"/>
  <testcase classname="tests.LowCabFareTests" name="testHandleModal" time="1.832"/>
  <testcase classname="tests.LowCabFareTests" name="testClickCabsLink" time="1.506"/>
  <testcase classname="tests.LowCabFareTests" name="testClickCabsLink" time="0.993"/>
  <testcase classname="tests.LowCabFareTests" name="testClickOneWayOutstationLink" time="1.299"/>
  <testcase classname="tests.LowCabFareTests" name="testClickOneWayOutstationLink" time="1.119"/>
  <testcase classname="tests.LowCabFareTests" name="testClickSourceLink" time="0.705"/>
  <testcase classname="tests.LowCabFareTests" name="testClickSourceLink" time="0.603"/>
  <testcase classname="tests.LowCabFareTests" name="testEnterDestination" time="5.985"/>
  <testcase classname="tests.LowCabFareTests" name="testEnterDestination" time="6.549"/>
  <testcase classname="tests.LowCabFareTests" name="testClickDateSelectorLink" time="0.986"/>
  <testcase classname="tests.LowCabFareTests" name="testClickDateSelectorLink" time="0.865"/>
  <testcase classname="tests.LowCabFareTests" name="testClickTimePickerLink" time="1.669"/>
  <testcase classname="tests.LowCabFareTests" name="testClickTimePickerLink" time="1.162"/>
  <testcase classname="tests.LowCabFareTests" name="testClickApplyLink" time="0.894"/>
  <testcase classname="tests.LowCabFareTests" name="testClickApplyLink" time="0.767"/>
  <testcase classname="tests.LowCabFareTests" name="testClickSearchLink" time="4.088"/>
  <testcase classname="tests.LowCabFareTests" name="testClickSearchLink" time="3.679"/>
  <testcase classname="tests.LowCabFareTests" name="testClickSortLink" time="2.355"/>
  <testcase classname="tests.LowCabFareTests" name="testClickSortLink" time="2.308"/>
  <testcase classname="tests.LowCabFareTests" name="testSelectSuv" time="0.702"/>
  <testcase classname="tests.LowCabFareTests" name="testSelectSuv" time="0.619"/>
  <testcase classname="tests.LowCabFareTests" name="testClickLowestFare" time="0.497"/>
  <testcase classname="tests.LowCabFareTests" name="testClickLowestFare" time="0.782"/>
  <testcase classname="tests.LowCabFareTests" name="testGetPrice" time="0.755"/>
  <testcase classname="tests.LowCabFareTests" name="testGetPrice" time="2.422"/>
</testsuite> <!-- tests.LowCabFareTests -->
