<?xml version="1.0" encoding="UTF-8"?>
<!-- Generated by org.testng.reporters.JUnitReportReporter -->
<testsuite hostname="LT083836" failures="0" tests="3" name="project.Outstationcab" time="54.107" errors="0" timestamp="2023-05-29T09:55:01 IST" skipped="0">
  <testcase classname="project.Outstationcab" name="lowCabFare" time="31.956"/>
  <system-out/>
  <testcase classname="project.Outstationcab" name="getCard" time="10.656"/>
  <system-out/>
  <testcase classname="project.Outstationcab" name="HotelBook" time="11.495"/>
  <system-out/>
</testsuite> <!-- project.Outstationcab -->
