<?xml version="1.0" encoding="UTF-8"?>
<!-- Generated by org.testng.reporters.JUnitReportReporter -->
<testsuite hostname="AritraLappyXD" failures="0" tests="10" name="tests.GiftCardTests" time="35.284" errors="0" timestamp="2023-07-10T11:56:52 IST" skipped="0">
  <testcase classname="tests.GiftCardTests" name="testVisitMakeMyTrip" time="12.505"/>
  <testcase classname="tests.GiftCardTests" name="testVisitMakeMyTrip" time="11.616"/>
  <testcase classname="tests.GiftCardTests" name="testSelectingCard" time="2.532"/>
  <testcase classname="tests.GiftCardTests" name="testSelectingCard" time="2.675"/>
  <testcase classname="tests.GiftCardTests" name="testSendingKeys" time="1.664"/>
  <testcase classname="tests.GiftCardTests" name="testSendingKeys" time="1.533"/>
  <testcase classname="tests.GiftCardTests" name="testSubmitting" time="0.994"/>
  <testcase classname="tests.GiftCardTests" name="testSubmitting" time="0.522"/>
  <testcase classname="tests.GiftCardTests" name="testShowError" time="0.680"/>
  <testcase classname="tests.GiftCardTests" name="testShowError" time="0.563"/>
</testsuite> <!-- tests.GiftCardTests -->
