<?xml version="1.0" encoding="UTF-8"?>
<!-- Generated by org.testng.reporters.JUnitReportReporter -->
<testsuite hostname="LT083836" failures="0" tests="3" name="objectRepository.OutstationCab" time="117.264" errors="0" timestamp="2023-06-07T10:42:58 IST" skipped="0">
  <testcase classname="objectRepository.OutstationCab" name="lowCabFare" time="59.612"/>
  <system-out/>
  <testcase classname="objectRepository.OutstationCab" name="getCard" time="11.286"/>
  <system-out/>
  <testcase classname="objectRepository.OutstationCab" name="HotelBook" time="46.366"/>
  <system-out/>
</testsuite> <!-- objectRepository.OutstationCab -->
