<?xml version="1.0" encoding="UTF-8"?>
<!-- Generated by org.testng.reporters.JUnitReportReporter -->
<testsuite hostname="AritraLappyXD" failures="0" tests="14" name="tests.BookHotelTests" time="44.891" errors="0" timestamp="2023-07-10T11:56:52 IST" skipped="0">
  <testcase classname="tests.BookHotelTests" name="testVisitMakeMyTrip" time="12.705"/>
  <testcase classname="tests.BookHotelTests" name="testVisitMakeMyTrip" time="12.961"/>
  <testcase classname="tests.BookHotelTests" name="testHandleModal" time="1.955"/>
  <testcase classname="tests.BookHotelTests" name="testHandleModal" time="2.031"/>
  <testcase classname="tests.BookHotelTests" name="testClickHotelBtn" time="1.423"/>
  <testcase classname="tests.BookHotelTests" name="testClickHotelBtn" time="0.995"/>
  <testcase classname="tests.BookHotelTests" name="testRoomsNGuest" time="1.043"/>
  <testcase classname="tests.BookHotelTests" name="testRoomsNGuest" time="1.124"/>
  <testcase classname="tests.BookHotelTests" name="testAdultsNo" time="0.561"/>
  <testcase classname="tests.BookHotelTests" name="testAdultsNo" time="0.555"/>
  <testcase classname="tests.BookHotelTests" name="testListAdult" time="1.889"/>
  <testcase classname="tests.BookHotelTests" name="testListAdult" time="1.534"/>
  <testcase classname="tests.BookHotelTests" name="testNavigateBack" time="2.877"/>
  <testcase classname="tests.BookHotelTests" name="testNavigateBack" time="3.238"/>
</testsuite> <!-- tests.BookHotelTests -->
